\BOOKMARK [0][-]{chapter.1}{\376\377\0001\000\040\000C\000l\000a\000s\000s\000\040\000I\000n\000d\000e\000x}{}% 1
\BOOKMARK [1][-]{section.1.1}{\376\377\0001\000.\0001\000\040\000C\000l\000a\000s\000s\000\040\000L\000i\000s\000t}{chapter.1}% 2
\BOOKMARK [0][-]{chapter.2}{\376\377\0002\000\040\000F\000i\000l\000e\000\040\000I\000n\000d\000e\000x}{}% 3
\BOOKMARK [1][-]{section.2.1}{\376\377\0002\000.\0001\000\040\000F\000i\000l\000e\000\040\000L\000i\000s\000t}{chapter.2}% 4
\BOOKMARK [0][-]{chapter.3}{\376\377\0003\000\040\000C\000l\000a\000s\000s\000\040\000D\000o\000c\000u\000m\000e\000n\000t\000a\000t\000i\000o\000n}{}% 5
\BOOKMARK [1][-]{section.3.1}{\376\377\0003\000.\0001\000\040\000a\000r\000m\000e\000\137\000s\000\040\000S\000t\000r\000u\000c\000t\000\040\000R\000e\000f\000e\000r\000e\000n\000c\000e}{chapter.3}% 6
\BOOKMARK [1][-]{section.3.2}{\376\377\0003\000.\0002\000\040\000a\000t\000t\000a\000q\000u\000e\000\137\000s\000\040\000S\000t\000r\000u\000c\000t\000\040\000R\000e\000f\000e\000r\000e\000n\000c\000e}{chapter.3}% 7
\BOOKMARK [1][-]{section.3.3}{\376\377\0003\000.\0003\000\040\000e\000q\000u\000i\000p\000e\000m\000e\000n\000t\000\137\000s\000\040\000S\000t\000r\000u\000c\000t\000\040\000R\000e\000f\000e\000r\000e\000n\000c\000e}{chapter.3}% 8
\BOOKMARK [2][-]{subsection.3.3.1}{\376\377\0003\000.\0003\000.\0001\000\040\000D\000e\000t\000a\000i\000l\000e\000d\000\040\000D\000e\000s\000c\000r\000i\000p\000t\000i\000o\000n}{section.3.3}% 9
\BOOKMARK [1][-]{section.3.4}{\376\377\0003\000.\0004\000\040\000I\000m\000a\000g\000e\000\040\000S\000t\000r\000u\000c\000t\000\040\000R\000e\000f\000e\000r\000e\000n\000c\000e}{chapter.3}% 10
\BOOKMARK [2][-]{subsection.3.4.1}{\376\377\0003\000.\0004\000.\0001\000\040\000D\000e\000t\000a\000i\000l\000e\000d\000\040\000D\000e\000s\000c\000r\000i\000p\000t\000i\000o\000n}{section.3.4}% 11
\BOOKMARK [1][-]{section.3.5}{\376\377\0003\000.\0005\000\040\000i\000n\000v\000e\000n\000t\000a\000i\000r\000e\000\137\000s\000\040\000S\000t\000r\000u\000c\000t\000\040\000R\000e\000f\000e\000r\000e\000n\000c\000e}{chapter.3}% 12
\BOOKMARK [2][-]{subsection.3.5.1}{\376\377\0003\000.\0005\000.\0001\000\040\000D\000e\000t\000a\000i\000l\000e\000d\000\040\000D\000e\000s\000c\000r\000i\000p\000t\000i\000o\000n}{section.3.5}% 13
\BOOKMARK [1][-]{section.3.6}{\376\377\0003\000.\0006\000\040\000m\000o\000b\000\137\000s\000\040\000S\000t\000r\000u\000c\000t\000\040\000R\000e\000f\000e\000r\000e\000n\000c\000e}{chapter.3}% 14
\BOOKMARK [1][-]{section.3.7}{\376\377\0003\000.\0007\000\040\000o\000b\000j\000e\000t\000\137\000s\000\040\000S\000t\000r\000u\000c\000t\000\040\000R\000e\000f\000e\000r\000e\000n\000c\000e}{chapter.3}% 15
\BOOKMARK [2][-]{subsection.3.7.1}{\376\377\0003\000.\0007\000.\0001\000\040\000D\000e\000t\000a\000i\000l\000e\000d\000\040\000D\000e\000s\000c\000r\000i\000p\000t\000i\000o\000n}{section.3.7}% 16
\BOOKMARK [1][-]{section.3.8}{\376\377\0003\000.\0008\000\040\000p\000e\000r\000s\000o\000\137\000s\000\040\000S\000t\000r\000u\000c\000t\000\040\000R\000e\000f\000e\000r\000e\000n\000c\000e}{chapter.3}% 17
\BOOKMARK [2][-]{subsection.3.8.1}{\376\377\0003\000.\0008\000.\0001\000\040\000D\000e\000t\000a\000i\000l\000e\000d\000\040\000D\000e\000s\000c\000r\000i\000p\000t\000i\000o\000n}{section.3.8}% 18
\BOOKMARK [1][-]{section.3.9}{\376\377\0003\000.\0009\000\040\000p\000n\000j\000\137\000s\000\040\000S\000t\000r\000u\000c\000t\000\040\000R\000e\000f\000e\000r\000e\000n\000c\000e}{chapter.3}% 19
\BOOKMARK [2][-]{subsection.3.9.1}{\376\377\0003\000.\0009\000.\0001\000\040\000D\000e\000t\000a\000i\000l\000e\000d\000\040\000D\000e\000s\000c\000r\000i\000p\000t\000i\000o\000n}{section.3.9}% 20
\BOOKMARK [1][-]{section.3.10}{\376\377\0003\000.\0001\0000\000\040\000t\000e\000a\000m\000\137\000s\000\040\000S\000t\000r\000u\000c\000t\000\040\000R\000e\000f\000e\000r\000e\000n\000c\000e}{chapter.3}% 21
\BOOKMARK [2][-]{subsection.3.10.1}{\376\377\0003\000.\0001\0000\000.\0001\000\040\000D\000e\000t\000a\000i\000l\000e\000d\000\040\000D\000e\000s\000c\000r\000i\000p\000t\000i\000o\000n}{section.3.10}% 22
\BOOKMARK [0][-]{chapter.4}{\376\377\0004\000\040\000F\000i\000l\000e\000\040\000D\000o\000c\000u\000m\000e\000n\000t\000a\000t\000i\000o\000n}{}% 23
\BOOKMARK [1][-]{section.4.1}{\376\377\0004\000.\0001\000\040\000l\000i\000b\000/\000c\000o\000m\000b\000a\000t\000.\000h\000\040\000F\000i\000l\000e\000\040\000R\000e\000f\000e\000r\000e\000n\000c\000e}{chapter.4}% 24
\BOOKMARK [2][-]{subsection.4.1.1}{\376\377\0004\000.\0001\000.\0001\000\040\000D\000e\000t\000a\000i\000l\000e\000d\000\040\000D\000e\000s\000c\000r\000i\000p\000t\000i\000o\000n}{section.4.1}% 25
\BOOKMARK [2][-]{subsection.4.1.2}{\376\377\0004\000.\0001\000.\0002\000\040\000F\000u\000n\000c\000t\000i\000o\000n\000\040\000D\000o\000c\000u\000m\000e\000n\000t\000a\000t\000i\000o\000n}{section.4.1}% 26
\BOOKMARK [3][-]{subsubsection.4.1.2.1}{\376\377\0004\000.\0001\000.\0002\000.\0001\000\040\000d\000e\000g\000a\000t\000s\000\137\000m\000o\000b\000\050\000\051}{subsection.4.1.2}% 27
\BOOKMARK [3][-]{subsubsection.4.1.2.2}{\376\377\0004\000.\0001\000.\0002\000.\0002\000\040\000D\000e\000t\000e\000c\000t\000E\000v\000e\000n\000t\000s\000F\000i\000g\000h\000t\000\050\000\051}{subsection.4.1.2}% 28
\BOOKMARK [3][-]{subsubsection.4.1.2.3}{\376\377\0004\000.\0001\000.\0002\000.\0003\000\040\000R\000e\000a\000c\000t\000E\000v\000e\000n\000t\000s\000F\000i\000g\000h\000t\000\050\000\051}{subsection.4.1.2}% 29
\BOOKMARK [1][-]{section.4.2}{\376\377\0004\000.\0002\000\040\000c\000o\000m\000b\000a\000t\000.\000h}{chapter.4}% 30
\BOOKMARK [1][-]{section.4.3}{\376\377\0004\000.\0003\000\040\000l\000i\000b\000/\000E\000v\000e\000n\000t\000O\000p\000.\000h\000\040\000F\000i\000l\000e\000\040\000R\000e\000f\000e\000r\000e\000n\000c\000e}{chapter.4}% 31
\BOOKMARK [2][-]{subsection.4.3.1}{\376\377\0004\000.\0003\000.\0001\000\040\000D\000e\000t\000a\000i\000l\000e\000d\000\040\000D\000e\000s\000c\000r\000i\000p\000t\000i\000o\000n}{section.4.3}% 32
\BOOKMARK [2][-]{subsection.4.3.2}{\376\377\0004\000.\0003\000.\0002\000\040\000F\000u\000n\000c\000t\000i\000o\000n\000\040\000D\000o\000c\000u\000m\000e\000n\000t\000a\000t\000i\000o\000n}{section.4.3}% 33
\BOOKMARK [3][-]{subsubsection.4.3.2.1}{\376\377\0004\000.\0003\000.\0002\000.\0001\000\040\000a\000c\000h\000a\000t\000\137\000p\000o\000s\000s\000i\000b\000l\000e\000\050\000\051}{subsection.4.3.2}% 34
\BOOKMARK [3][-]{subsubsection.4.3.2.2}{\376\377\0004\000.\0003\000.\0002\000.\0002\000\040\000c\000h\000a\000r\000g\000e\000m\000e\000n\000t\000\137\000b\000a\000r\000r\000e\000\137\000p\000v\000\050\000\051}{subsection.4.3.2}% 35
\BOOKMARK [3][-]{subsubsection.4.3.2.3}{\376\377\0004\000.\0003\000.\0002\000.\0003\000\040\000c\000i\000n\000e\000m\000a\000t\000i\000c\000\137\000s\000t\000a\000r\000t\000\050\000\051}{subsection.4.3.2}% 36
\BOOKMARK [3][-]{subsubsection.4.3.2.4}{\376\377\0004\000.\0003\000.\0002\000.\0004\000\040\000D\000e\000t\000e\000c\000t\000E\000v\000e\000n\000t\000s\000I\000n\000v\000S\000a\000c\000\050\000\051}{subsection.4.3.2}% 37
\BOOKMARK [3][-]{subsubsection.4.3.2.5}{\376\377\0004\000.\0003\000.\0002\000.\0005\000\040\000D\000e\000t\000e\000c\000t\000E\000v\000e\000n\000t\000s\000I\000n\000v\000S\000t\000u\000f\000f\000\050\000\051}{subsection.4.3.2}% 38
\BOOKMARK [3][-]{subsubsection.4.3.2.6}{\376\377\0004\000.\0003\000.\0002\000.\0006\000\040\000D\000e\000t\000e\000c\000t\000E\000v\000e\000n\000t\000s\000O\000p\000\050\000\051}{subsection.4.3.2}% 39
\BOOKMARK [3][-]{subsubsection.4.3.2.7}{\376\377\0004\000.\0003\000.\0002\000.\0007\000\040\000D\000e\000t\000e\000c\000t\000E\000v\000e\000n\000t\000s\000S\000t\000a\000t\000s\000\050\000\051}{subsection.4.3.2}% 40
\BOOKMARK [3][-]{subsubsection.4.3.2.8}{\376\377\0004\000.\0003\000.\0002\000.\0008\000\040\000E\000v\000e\000n\000t\000S\000e\000l\000l\000\050\000\051}{subsection.4.3.2}% 41
\BOOKMARK [3][-]{subsubsection.4.3.2.9}{\376\377\0004\000.\0003\000.\0002\000.\0009\000\040\000E\000v\000e\000n\000t\000S\000h\000o\000p\000\050\000\051}{subsection.4.3.2}% 42
\BOOKMARK [3][-]{subsubsection.4.3.2.10}{\376\377\0004\000.\0003\000.\0002\000.\0001\0000\000\040\000R\000e\000a\000c\000t\000E\000v\000e\000n\000t\000s\000I\000n\000v\000S\000a\000c\000\050\000\051}{subsection.4.3.2}% 43
\BOOKMARK [3][-]{subsubsection.4.3.2.11}{\376\377\0004\000.\0003\000.\0002\000.\0001\0001\000\040\000R\000e\000a\000c\000t\000E\000v\000e\000n\000t\000s\000I\000n\000v\000S\000t\000u\000f\000f\000\050\000\051}{subsection.4.3.2}% 44
\BOOKMARK [3][-]{subsubsection.4.3.2.12}{\376\377\0004\000.\0003\000.\0002\000.\0001\0002\000\040\000R\000e\000a\000c\000t\000E\000v\000e\000n\000t\000s\000O\000p\000\050\000\051}{subsection.4.3.2}% 45
\BOOKMARK [3][-]{subsubsection.4.3.2.13}{\376\377\0004\000.\0003\000.\0002\000.\0001\0003\000\040\000R\000e\000a\000c\000t\000E\000v\000e\000n\000t\000s\000S\000t\000a\000t\000s\000\050\000\051}{subsection.4.3.2}% 46
\BOOKMARK [3][-]{subsubsection.4.3.2.14}{\376\377\0004\000.\0003\000.\0002\000.\0001\0004\000\040\000t\000r\000a\000n\000s\000i\000t\000i\000o\000n\000F\000o\000n\000d\000u\000\050\000\051}{subsection.4.3.2}% 47
\BOOKMARK [1][-]{section.4.4}{\376\377\0004\000.\0004\000\040\000E\000v\000e\000n\000t\000O\000p\000.\000h}{chapter.4}% 48
\BOOKMARK [1][-]{section.4.5}{\376\377\0004\000.\0005\000\040\000l\000i\000b\000/\000f\000b\000i\000b\000l\000i\000o\000t\000h\000e\000q\000u\000e\000.\000h\000\040\000F\000i\000l\000e\000\040\000R\000e\000f\000e\000r\000e\000n\000c\000e}{chapter.4}% 49
\BOOKMARK [2][-]{subsection.4.5.1}{\376\377\0004\000.\0005\000.\0001\000\040\000D\000e\000t\000a\000i\000l\000e\000d\000\040\000D\000e\000s\000c\000r\000i\000p\000t\000i\000o\000n}{section.4.5}% 50
\BOOKMARK [2][-]{subsection.4.5.2}{\376\377\0004\000.\0005\000.\0002\000\040\000F\000u\000n\000c\000t\000i\000o\000n\000\040\000D\000o\000c\000u\000m\000e\000n\000t\000a\000t\000i\000o\000n}{section.4.5}% 51
\BOOKMARK [3][-]{subsubsection.4.5.2.1}{\376\377\0004\000.\0005\000.\0002\000.\0001\000\040\000c\000h\000a\000r\000g\000e\000r\000\137\000m\000a\000p\000\137\000b\000i\000b\000l\000i\000o\000\050\000\051}{subsection.4.5.2}% 52
\BOOKMARK [3][-]{subsubsection.4.5.2.2}{\376\377\0004\000.\0005\000.\0002\000.\0002\000\040\000c\000h\000a\000r\000g\000e\000r\000\137\000m\000a\000p\000\137\000p\000n\000j\000\137\000b\000i\000b\000l\000i\000o\000\050\000\051}{subsection.4.5.2}% 53
\BOOKMARK [1][-]{section.4.6}{\376\377\0004\000.\0006\000\040\000f\000b\000i\000b\000l\000i\000o\000t\000h\000e\000q\000u\000e\000.\000h}{chapter.4}% 54
\BOOKMARK [1][-]{section.4.7}{\376\377\0004\000.\0007\000\040\000l\000i\000b\000/\000f\000m\000a\000p\000.\000h\000\040\000F\000i\000l\000e\000\040\000R\000e\000f\000e\000r\000e\000n\000c\000e}{chapter.4}% 55
\BOOKMARK [2][-]{subsection.4.7.1}{\376\377\0004\000.\0007\000.\0001\000\040\000D\000e\000t\000a\000i\000l\000e\000d\000\040\000D\000e\000s\000c\000r\000i\000p\000t\000i\000o\000n}{section.4.7}% 56
\BOOKMARK [2][-]{subsection.4.7.2}{\376\377\0004\000.\0007\000.\0002\000\040\000F\000u\000n\000c\000t\000i\000o\000n\000\040\000D\000o\000c\000u\000m\000e\000n\000t\000a\000t\000i\000o\000n}{section.4.7}% 57
\BOOKMARK [3][-]{subsubsection.4.7.2.1}{\376\377\0004\000.\0007\000.\0002\000.\0001\000\040\000a\000f\000f\000i\000c\000h\000e\000r\000\137\000m\000a\000p\000\050\000\051}{subsection.4.7.2}% 58
\BOOKMARK [3][-]{subsubsection.4.7.2.2}{\376\377\0004\000.\0007\000.\0002\000.\0002\000\040\000c\000h\000a\000r\000g\000e\000r\000\137\000m\000a\000p\000\050\000\051}{subsection.4.7.2}% 59
\BOOKMARK [1][-]{section.4.8}{\376\377\0004\000.\0008\000\040\000f\000m\000a\000p\000.\000h}{chapter.4}% 60
\BOOKMARK [1][-]{section.4.9}{\376\377\0004\000.\0009\000\040\000f\000m\000o\000b\000s\000.\000h}{chapter.4}% 61
\BOOKMARK [1][-]{section.4.10}{\376\377\0004\000.\0001\0000\000\040\000l\000i\000b\000/\000f\000p\000n\000j\000.\000h\000\040\000F\000i\000l\000e\000\040\000R\000e\000f\000e\000r\000e\000n\000c\000e}{chapter.4}% 62
\BOOKMARK [2][-]{subsection.4.10.1}{\376\377\0004\000.\0001\0000\000.\0001\000\040\000D\000e\000t\000a\000i\000l\000e\000d\000\040\000D\000e\000s\000c\000r\000i\000p\000t\000i\000o\000n}{section.4.10}% 63
\BOOKMARK [2][-]{subsection.4.10.2}{\376\377\0004\000.\0001\0000\000.\0002\000\040\000F\000u\000n\000c\000t\000i\000o\000n\000\040\000D\000o\000c\000u\000m\000e\000n\000t\000a\000t\000i\000o\000n}{section.4.10}% 64
\BOOKMARK [3][-]{subsubsection.4.10.2.1}{\376\377\0004\000.\0001\0000\000.\0002\000.\0001\000\040\000c\000h\000a\000r\000g\000e\000r\000\137\000m\000a\000p\000\137\000p\000n\000j\000\050\000\051}{subsection.4.10.2}% 65
\BOOKMARK [1][-]{section.4.11}{\376\377\0004\000.\0001\0001\000\040\000f\000p\000n\000j\000.\000h}{chapter.4}% 66
\BOOKMARK [1][-]{section.4.12}{\376\377\0004\000.\0001\0002\000\040\000l\000i\000b\000/\000i\000n\000i\000t\000\137\000m\000e\000n\000u\000.\000h\000\040\000F\000i\000l\000e\000\040\000R\000e\000f\000e\000r\000e\000n\000c\000e}{chapter.4}% 67
\BOOKMARK [2][-]{subsection.4.12.1}{\376\377\0004\000.\0001\0002\000.\0001\000\040\000D\000e\000t\000a\000i\000l\000e\000d\000\040\000D\000e\000s\000c\000r\000i\000p\000t\000i\000o\000n}{section.4.12}% 68
\BOOKMARK [2][-]{subsection.4.12.2}{\376\377\0004\000.\0001\0002\000.\0002\000\040\000F\000u\000n\000c\000t\000i\000o\000n\000\040\000D\000o\000c\000u\000m\000e\000n\000t\000a\000t\000i\000o\000n}{section.4.12}% 69
\BOOKMARK [3][-]{subsubsection.4.12.2.1}{\376\377\0004\000.\0001\0002\000.\0002\000.\0001\000\040\000m\000e\000n\000u\000C\000r\000e\000d\000i\000t\000s\000\050\000\051}{subsection.4.12.2}% 70
\BOOKMARK [3][-]{subsubsection.4.12.2.2}{\376\377\0004\000.\0001\0002\000.\0002\000.\0002\000\040\000m\000e\000n\000u\000P\000a\000u\000s\000e\000\050\000\051}{subsection.4.12.2}% 71
\BOOKMARK [3][-]{subsubsection.4.12.2.3}{\376\377\0004\000.\0001\0002\000.\0002\000.\0003\000\040\000m\000e\000n\000u\000P\000l\000a\000y\000\050\000\051}{subsection.4.12.2}% 72
\BOOKMARK [3][-]{subsubsection.4.12.2.4}{\376\377\0004\000.\0001\0002\000.\0002\000.\0004\000\040\000m\000e\000n\000u\000P\000r\000i\000n\000c\000i\000p\000a\000l\000\050\000\051}{subsection.4.12.2}% 73
\BOOKMARK [3][-]{subsubsection.4.12.2.5}{\376\377\0004\000.\0001\0002\000.\0002\000.\0005\000\040\000m\000e\000n\000u\000S\000e\000t\000t\000i\000n\000g\000s\000\050\000\051}{subsection.4.12.2}% 74
\BOOKMARK [1][-]{section.4.13}{\376\377\0004\000.\0001\0003\000\040\000i\000n\000i\000t\000\137\000m\000e\000n\000u\000.\000h}{chapter.4}% 75
\BOOKMARK [1][-]{section.4.14}{\376\377\0004\000.\0001\0004\000\040\000l\000i\000b\000/\000t\000e\000x\000t\000u\000r\000e\000.\000h\000\040\000F\000i\000l\000e\000\040\000R\000e\000f\000e\000r\000e\000n\000c\000e}{chapter.4}% 76
\BOOKMARK [2][-]{subsection.4.14.1}{\376\377\0004\000.\0001\0004\000.\0001\000\040\000D\000e\000t\000a\000i\000l\000e\000d\000\040\000D\000e\000s\000c\000r\000i\000p\000t\000i\000o\000n}{section.4.14}% 77
\BOOKMARK [2][-]{subsection.4.14.2}{\376\377\0004\000.\0001\0004\000.\0002\000\040\000F\000u\000n\000c\000t\000i\000o\000n\000\040\000D\000o\000c\000u\000m\000e\000n\000t\000a\000t\000i\000o\000n}{section.4.14}% 78
\BOOKMARK [3][-]{subsubsection.4.14.2.1}{\376\377\0004\000.\0001\0004\000.\0002\000.\0001\000\040\000l\000o\000a\000d\000T\000e\000x\000t\000u\000r\000e\000\050\000\051}{subsection.4.14.2}% 79
\BOOKMARK [3][-]{subsubsection.4.14.2.2}{\376\377\0004\000.\0001\0004\000.\0002\000.\0002\000\040\000l\000o\000a\000d\000T\000e\000x\000t\000u\000r\000e\000F\000o\000n\000t\000\050\000\051}{subsection.4.14.2}% 80
\BOOKMARK [1][-]{section.4.15}{\376\377\0004\000.\0001\0005\000\040\000t\000e\000x\000t\000u\000r\000e\000.\000h}{chapter.4}% 81
\BOOKMARK [1][-]{section.4.16}{\376\377\0004\000.\0001\0006\000\040\000l\000i\000b\000/\000t\000y\000p\000e\000.\000h\000\040\000F\000i\000l\000e\000\040\000R\000e\000f\000e\000r\000e\000n\000c\000e}{chapter.4}% 82
\BOOKMARK [2][-]{subsection.4.16.1}{\376\377\0004\000.\0001\0006\000.\0001\000\040\000D\000e\000t\000a\000i\000l\000e\000d\000\040\000D\000e\000s\000c\000r\000i\000p\000t\000i\000o\000n}{section.4.16}% 83
\BOOKMARK [2][-]{subsection.4.16.2}{\376\377\0004\000.\0001\0006\000.\0002\000\040\000F\000u\000n\000c\000t\000i\000o\000n\000\040\000D\000o\000c\000u\000m\000e\000n\000t\000a\000t\000i\000o\000n}{section.4.16}% 84
\BOOKMARK [3][-]{subsubsection.4.16.2.1}{\376\377\0004\000.\0001\0006\000.\0002\000.\0001\000\040\000a\000f\000f\000i\000c\000h\000e\000r\000\137\000a\000r\000m\000e\000\050\000\051}{subsection.4.16.2}% 85
\BOOKMARK [3][-]{subsubsection.4.16.2.2}{\376\377\0004\000.\0001\0006\000.\0002\000.\0002\000\040\000a\000j\000o\000u\000t\000e\000r\000\137\000a\000r\000m\000e\000\050\000\051}{subsection.4.16.2}% 86
\BOOKMARK [3][-]{subsubsection.4.16.2.3}{\376\377\0004\000.\0001\0006\000.\0002\000.\0003\000\040\000a\000j\000o\000u\000t\000e\000r\000\137\000s\000t\000u\000f\000f\000\050\000\051}{subsection.4.16.2}% 87
\BOOKMARK [3][-]{subsubsection.4.16.2.4}{\376\377\0004\000.\0001\0006\000.\0002\000.\0004\000\040\000c\000r\000e\000e\000r\000\137\000a\000l\000l\000\137\000e\000q\000u\000i\000p\000e\000m\000e\000n\000t\000\050\000\051}{subsection.4.16.2}% 88
\BOOKMARK [3][-]{subsubsection.4.16.2.5}{\376\377\0004\000.\0001\0006\000.\0002\000.\0005\000\040\000c\000r\000e\000e\000r\000\137\000a\000l\000l\000\137\000s\000p\000r\000i\000t\000e\000\137\000e\000q\000u\000i\000p\000e\000m\000e\000n\000t\000\050\000\051}{subsection.4.16.2}% 89
\BOOKMARK [3][-]{subsubsection.4.16.2.6}{\376\377\0004\000.\0001\0006\000.\0002\000.\0006\000\040\000c\000r\000e\000e\000r\000\137\000m\000o\000b\000\050\000\051}{subsection.4.16.2}% 90
\BOOKMARK [3][-]{subsubsection.4.16.2.7}{\376\377\0004\000.\0001\0006\000.\0002\000.\0007\000\040\000c\000r\000e\000e\000r\000\137\000p\000e\000r\000s\000o\000\050\000\051}{subsection.4.16.2}% 91
\BOOKMARK [3][-]{subsubsection.4.16.2.8}{\376\377\0004\000.\0001\0006\000.\0002\000.\0008\000\040\000e\000q\000u\000i\000p\000e\000r\000\137\000a\000r\000m\000e\000\050\000\051}{subsection.4.16.2}% 92
\BOOKMARK [3][-]{subsubsection.4.16.2.9}{\376\377\0004\000.\0001\0006\000.\0002\000.\0009\000\040\000e\000q\000u\000i\000p\000e\000r\000\137\000s\000t\000u\000f\000f\000\050\000\051}{subsection.4.16.2}% 93
\BOOKMARK [3][-]{subsubsection.4.16.2.10}{\376\377\0004\000.\0001\0006\000.\0002\000.\0001\0000\000\040\000i\000n\000i\000t\000\137\000a\000n\000d\000\137\000r\000e\000i\000n\000i\000t\000\137\000i\000n\000v\000\050\000\051}{subsection.4.16.2}% 94
\BOOKMARK [3][-]{subsubsection.4.16.2.11}{\376\377\0004\000.\0001\0006\000.\0002\000.\0001\0001\000\040\000j\000e\000t\000e\000r\000\137\000s\000t\000u\000f\000f\000\050\000\051}{subsection.4.16.2}% 95
\BOOKMARK [1][-]{section.4.17}{\376\377\0004\000.\0001\0007\000\040\000t\000y\000p\000e\000.\000h}{chapter.4}% 96
\BOOKMARK [1][-]{section.4.18}{\376\377\0004\000.\0001\0008\000\040\000l\000i\000b\000/\000u\000t\000i\000l\000s\000.\000h\000\040\000F\000i\000l\000e\000\040\000R\000e\000f\000e\000r\000e\000n\000c\000e}{chapter.4}% 97
\BOOKMARK [2][-]{subsection.4.18.1}{\376\377\0004\000.\0001\0008\000.\0001\000\040\000D\000e\000t\000a\000i\000l\000e\000d\000\040\000D\000e\000s\000c\000r\000i\000p\000t\000i\000o\000n}{section.4.18}% 98
\BOOKMARK [2][-]{subsection.4.18.2}{\376\377\0004\000.\0001\0008\000.\0002\000\040\000F\000u\000n\000c\000t\000i\000o\000n\000\040\000D\000o\000c\000u\000m\000e\000n\000t\000a\000t\000i\000o\000n}{section.4.18}% 99
\BOOKMARK [3][-]{subsubsection.4.18.2.1}{\376\377\0004\000.\0001\0008\000.\0002\000.\0001\000\040\000c\000h\000a\000r\000g\000e\000r\000S\000a\000v\000e\000\050\000\051}{subsection.4.18.2}% 100
\BOOKMARK [3][-]{subsubsection.4.18.2.2}{\376\377\0004\000.\0001\0008\000.\0002\000.\0002\000\040\000e\000n\000t\000r\000e\000r\000N\000o\000m\000\050\000\051}{subsection.4.18.2}% 101
\BOOKMARK [3][-]{subsubsection.4.18.2.3}{\376\377\0004\000.\0001\0008\000.\0002\000.\0003\000\040\000n\000o\000u\000v\000e\000l\000l\000e\000S\000a\000v\000e\000\050\000\051}{subsection.4.18.2}% 102
\BOOKMARK [3][-]{subsubsection.4.18.2.4}{\376\377\0004\000.\0001\0008\000.\0002\000.\0004\000\040\000s\000a\000u\000v\000e\000g\000a\000r\000d\000e\000r\000\050\000\051}{subsection.4.18.2}% 103
\BOOKMARK [1][-]{section.4.19}{\376\377\0004\000.\0001\0009\000\040\000u\000t\000i\000l\000s\000.\000h}{chapter.4}% 104
\BOOKMARK [1][-]{section.4.20}{\376\377\0004\000.\0002\0000\000\040\000s\000r\000c\000/\000c\000o\000m\000b\000a\000t\000.\000c\000\040\000F\000i\000l\000e\000\040\000R\000e\000f\000e\000r\000e\000n\000c\000e}{chapter.4}% 105
\BOOKMARK [2][-]{subsection.4.20.1}{\376\377\0004\000.\0002\0000\000.\0001\000\040\000D\000e\000t\000a\000i\000l\000e\000d\000\040\000D\000e\000s\000c\000r\000i\000p\000t\000i\000o\000n}{section.4.20}% 106
\BOOKMARK [2][-]{subsection.4.20.2}{\376\377\0004\000.\0002\0000\000.\0002\000\040\000F\000u\000n\000c\000t\000i\000o\000n\000\040\000D\000o\000c\000u\000m\000e\000n\000t\000a\000t\000i\000o\000n}{section.4.20}% 107
\BOOKMARK [3][-]{subsubsection.4.20.2.1}{\376\377\0004\000.\0002\0000\000.\0002\000.\0001\000\040\000d\000e\000g\000a\000t\000s\000\137\000m\000o\000b\000\050\000\051}{subsection.4.20.2}% 108
\BOOKMARK [3][-]{subsubsection.4.20.2.2}{\376\377\0004\000.\0002\0000\000.\0002\000.\0002\000\040\000D\000e\000t\000e\000c\000t\000E\000v\000e\000n\000t\000s\000F\000i\000g\000h\000t\000\050\000\051}{subsection.4.20.2}% 109
\BOOKMARK [3][-]{subsubsection.4.20.2.3}{\376\377\0004\000.\0002\0000\000.\0002\000.\0003\000\040\000R\000e\000a\000c\000t\000E\000v\000e\000n\000t\000s\000F\000i\000g\000h\000t\000\050\000\051}{subsection.4.20.2}% 110
\BOOKMARK [1][-]{section.4.21}{\376\377\0004\000.\0002\0001\000\040\000s\000r\000c\000/\000E\000v\000e\000n\000t\000O\000p\000.\000c\000\040\000F\000i\000l\000e\000\040\000R\000e\000f\000e\000r\000e\000n\000c\000e}{chapter.4}% 111
\BOOKMARK [2][-]{subsection.4.21.1}{\376\377\0004\000.\0002\0001\000.\0001\000\040\000D\000e\000t\000a\000i\000l\000e\000d\000\040\000D\000e\000s\000c\000r\000i\000p\000t\000i\000o\000n}{section.4.21}% 112
\BOOKMARK [2][-]{subsection.4.21.2}{\376\377\0004\000.\0002\0001\000.\0002\000\040\000F\000u\000n\000c\000t\000i\000o\000n\000\040\000D\000o\000c\000u\000m\000e\000n\000t\000a\000t\000i\000o\000n}{section.4.21}% 113
\BOOKMARK [3][-]{subsubsection.4.21.2.1}{\376\377\0004\000.\0002\0001\000.\0002\000.\0001\000\040\000a\000c\000h\000a\000t\000\137\000p\000o\000s\000s\000i\000b\000l\000e\000\050\000\051}{subsection.4.21.2}% 114
\BOOKMARK [3][-]{subsubsection.4.21.2.2}{\376\377\0004\000.\0002\0001\000.\0002\000.\0002\000\040\000c\000h\000a\000r\000g\000e\000m\000e\000n\000t\000\137\000b\000a\000r\000r\000e\000\137\000p\000v\000\050\000\051}{subsection.4.21.2}% 115
\BOOKMARK [3][-]{subsubsection.4.21.2.3}{\376\377\0004\000.\0002\0001\000.\0002\000.\0003\000\040\000c\000i\000n\000e\000m\000a\000t\000i\000c\000\137\000s\000t\000a\000r\000t\000\050\000\051}{subsection.4.21.2}% 116
\BOOKMARK [3][-]{subsubsection.4.21.2.4}{\376\377\0004\000.\0002\0001\000.\0002\000.\0004\000\040\000D\000e\000t\000e\000c\000t\000E\000v\000e\000n\000t\000s\000I\000n\000v\000S\000a\000c\000\050\000\051}{subsection.4.21.2}% 117
\BOOKMARK [3][-]{subsubsection.4.21.2.5}{\376\377\0004\000.\0002\0001\000.\0002\000.\0005\000\040\000D\000e\000t\000e\000c\000t\000E\000v\000e\000n\000t\000s\000I\000n\000v\000S\000t\000u\000f\000f\000\050\000\051}{subsection.4.21.2}% 118
\BOOKMARK [3][-]{subsubsection.4.21.2.6}{\376\377\0004\000.\0002\0001\000.\0002\000.\0006\000\040\000D\000e\000t\000e\000c\000t\000E\000v\000e\000n\000t\000s\000O\000p\000\050\000\051}{subsection.4.21.2}% 119
\BOOKMARK [3][-]{subsubsection.4.21.2.7}{\376\377\0004\000.\0002\0001\000.\0002\000.\0007\000\040\000D\000e\000t\000e\000c\000t\000E\000v\000e\000n\000t\000s\000S\000t\000a\000t\000s\000\050\000\051}{subsection.4.21.2}% 120
\BOOKMARK [3][-]{subsubsection.4.21.2.8}{\376\377\0004\000.\0002\0001\000.\0002\000.\0008\000\040\000E\000v\000e\000n\000t\000S\000e\000l\000l\000\050\000\051}{subsection.4.21.2}% 121
\BOOKMARK [3][-]{subsubsection.4.21.2.9}{\376\377\0004\000.\0002\0001\000.\0002\000.\0009\000\040\000E\000v\000e\000n\000t\000S\000h\000o\000p\000\050\000\051}{subsection.4.21.2}% 122
\BOOKMARK [3][-]{subsubsection.4.21.2.10}{\376\377\0004\000.\0002\0001\000.\0002\000.\0001\0000\000\040\000R\000e\000a\000c\000t\000E\000v\000e\000n\000t\000s\000I\000n\000v\000S\000a\000c\000\050\000\051}{subsection.4.21.2}% 123
\BOOKMARK [3][-]{subsubsection.4.21.2.11}{\376\377\0004\000.\0002\0001\000.\0002\000.\0001\0001\000\040\000R\000e\000a\000c\000t\000E\000v\000e\000n\000t\000s\000I\000n\000v\000S\000t\000u\000f\000f\000\050\000\051}{subsection.4.21.2}% 124
\BOOKMARK [3][-]{subsubsection.4.21.2.12}{\376\377\0004\000.\0002\0001\000.\0002\000.\0001\0002\000\040\000R\000e\000a\000c\000t\000E\000v\000e\000n\000t\000s\000O\000p\000\050\000\051}{subsection.4.21.2}% 125
\BOOKMARK [3][-]{subsubsection.4.21.2.13}{\376\377\0004\000.\0002\0001\000.\0002\000.\0001\0003\000\040\000R\000e\000a\000c\000t\000E\000v\000e\000n\000t\000s\000S\000t\000a\000t\000s\000\050\000\051}{subsection.4.21.2}% 126
\BOOKMARK [3][-]{subsubsection.4.21.2.14}{\376\377\0004\000.\0002\0001\000.\0002\000.\0001\0004\000\040\000t\000r\000a\000n\000s\000i\000t\000i\000o\000n\000F\000o\000n\000d\000u\000\050\000\051}{subsection.4.21.2}% 127
\BOOKMARK [1][-]{section.4.22}{\376\377\0004\000.\0002\0002\000\040\000s\000r\000c\000/\000f\000m\000a\000p\000.\000c\000\040\000F\000i\000l\000e\000\040\000R\000e\000f\000e\000r\000e\000n\000c\000e}{chapter.4}% 128
\BOOKMARK [2][-]{subsection.4.22.1}{\376\377\0004\000.\0002\0002\000.\0001\000\040\000D\000e\000t\000a\000i\000l\000e\000d\000\040\000D\000e\000s\000c\000r\000i\000p\000t\000i\000o\000n}{section.4.22}% 129
\BOOKMARK [2][-]{subsection.4.22.2}{\376\377\0004\000.\0002\0002\000.\0002\000\040\000F\000u\000n\000c\000t\000i\000o\000n\000\040\000D\000o\000c\000u\000m\000e\000n\000t\000a\000t\000i\000o\000n}{section.4.22}% 130
\BOOKMARK [3][-]{subsubsection.4.22.2.1}{\376\377\0004\000.\0002\0002\000.\0002\000.\0001\000\040\000a\000f\000f\000i\000c\000h\000e\000r\000\137\000m\000a\000p\000\050\000\051}{subsection.4.22.2}% 131
\BOOKMARK [3][-]{subsubsection.4.22.2.2}{\376\377\0004\000.\0002\0002\000.\0002\000.\0002\000\040\000c\000h\000a\000r\000g\000e\000r\000\137\000m\000a\000p\000\050\000\051}{subsection.4.22.2}% 132
\BOOKMARK [1][-]{section.4.23}{\376\377\0004\000.\0002\0003\000\040\000s\000r\000c\000/\000f\000m\000o\000b\000s\000.\000c\000\040\000F\000i\000l\000e\000\040\000R\000e\000f\000e\000r\000e\000n\000c\000e}{chapter.4}% 133
\BOOKMARK [2][-]{subsection.4.23.1}{\376\377\0004\000.\0002\0003\000.\0001\000\040\000D\000e\000t\000a\000i\000l\000e\000d\000\040\000D\000e\000s\000c\000r\000i\000p\000t\000i\000o\000n}{section.4.23}% 134
\BOOKMARK [2][-]{subsection.4.23.2}{\376\377\0004\000.\0002\0003\000.\0002\000\040\000F\000u\000n\000c\000t\000i\000o\000n\000\040\000D\000o\000c\000u\000m\000e\000n\000t\000a\000t\000i\000o\000n}{section.4.23}% 135
\BOOKMARK [3][-]{subsubsection.4.23.2.1}{\376\377\0004\000.\0002\0003\000.\0002\000.\0001\000\040\000c\000h\000a\000r\000g\000e\000r\000\137\000m\000a\000p\000\137\000m\000o\000b\000s\000\050\000\051}{subsection.4.23.2}% 136
\BOOKMARK [3][-]{subsubsection.4.23.2.2}{\376\377\0004\000.\0002\0003\000.\0002\000.\0002\000\040\000c\000o\000p\000i\000e\000\137\000f\000i\000c\000h\000i\000e\000r\000\137\000m\000o\000b\000\137\000t\000x\000t\000\050\000\051}{subsection.4.23.2}% 137
\BOOKMARK [3][-]{subsubsection.4.23.2.3}{\376\377\0004\000.\0002\0003\000.\0002\000.\0003\000\040\000d\000e\000t\000r\000u\000i\000r\000e\000\137\000m\000o\000b\000\050\000\051}{subsection.4.23.2}% 138
\BOOKMARK [1][-]{section.4.24}{\376\377\0004\000.\0002\0004\000\040\000s\000r\000c\000/\000f\000p\000n\000j\000.\000c\000\040\000F\000i\000l\000e\000\040\000R\000e\000f\000e\000r\000e\000n\000c\000e}{chapter.4}% 139
\BOOKMARK [2][-]{subsection.4.24.1}{\376\377\0004\000.\0002\0004\000.\0001\000\040\000D\000e\000t\000a\000i\000l\000e\000d\000\040\000D\000e\000s\000c\000r\000i\000p\000t\000i\000o\000n}{section.4.24}% 140
\BOOKMARK [2][-]{subsection.4.24.2}{\376\377\0004\000.\0002\0004\000.\0002\000\040\000F\000u\000n\000c\000t\000i\000o\000n\000\040\000D\000o\000c\000u\000m\000e\000n\000t\000a\000t\000i\000o\000n}{section.4.24}% 141
\BOOKMARK [3][-]{subsubsection.4.24.2.1}{\376\377\0004\000.\0002\0004\000.\0002\000.\0001\000\040\000c\000h\000a\000r\000g\000e\000r\000\137\000m\000a\000p\000\137\000p\000n\000j\000\050\000\051}{subsection.4.24.2}% 142
\BOOKMARK [1][-]{section.4.25}{\376\377\0004\000.\0002\0005\000\040\000s\000r\000c\000/\000G\000o\000l\000e\000m\000A\000d\000v\000e\000n\000t\000u\000r\000e\000.\000c\000\040\000F\000i\000l\000e\000\040\000R\000e\000f\000e\000r\000e\000n\000c\000e}{chapter.4}% 143
\BOOKMARK [2][-]{subsection.4.25.1}{\376\377\0004\000.\0002\0005\000.\0001\000\040\000D\000e\000t\000a\000i\000l\000e\000d\000\040\000D\000e\000s\000c\000r\000i\000p\000t\000i\000o\000n}{section.4.25}% 144
\BOOKMARK [2][-]{subsection.4.25.2}{\376\377\0004\000.\0002\0005\000.\0002\000\040\000F\000u\000n\000c\000t\000i\000o\000n\000\040\000D\000o\000c\000u\000m\000e\000n\000t\000a\000t\000i\000o\000n}{section.4.25}% 145
\BOOKMARK [3][-]{subsubsection.4.25.2.1}{\376\377\0004\000.\0002\0005\000.\0002\000.\0001\000\040\000m\000a\000i\000n\000\050\000\051}{subsection.4.25.2}% 146
\BOOKMARK [1][-]{section.4.26}{\376\377\0004\000.\0002\0006\000\040\000s\000r\000c\000/\000l\000i\000b\000\137\000m\000e\000n\000u\000.\000c\000\040\000F\000i\000l\000e\000\040\000R\000e\000f\000e\000r\000e\000n\000c\000e}{chapter.4}% 147
\BOOKMARK [2][-]{subsection.4.26.1}{\376\377\0004\000.\0002\0006\000.\0001\000\040\000D\000e\000t\000a\000i\000l\000e\000d\000\040\000D\000e\000s\000c\000r\000i\000p\000t\000i\000o\000n}{section.4.26}% 148
\BOOKMARK [2][-]{subsection.4.26.2}{\376\377\0004\000.\0002\0006\000.\0002\000\040\000F\000u\000n\000c\000t\000i\000o\000n\000\040\000D\000o\000c\000u\000m\000e\000n\000t\000a\000t\000i\000o\000n}{section.4.26}% 149
\BOOKMARK [3][-]{subsubsection.4.26.2.1}{\376\377\0004\000.\0002\0006\000.\0002\000.\0001\000\040\000m\000e\000n\000u\000C\000r\000e\000d\000i\000t\000s\000\050\000\051}{subsection.4.26.2}% 150
\BOOKMARK [3][-]{subsubsection.4.26.2.2}{\376\377\0004\000.\0002\0006\000.\0002\000.\0002\000\040\000m\000e\000n\000u\000P\000a\000u\000s\000e\000\050\000\051}{subsection.4.26.2}% 151
\BOOKMARK [3][-]{subsubsection.4.26.2.3}{\376\377\0004\000.\0002\0006\000.\0002\000.\0003\000\040\000m\000e\000n\000u\000P\000l\000a\000y\000\050\000\051}{subsection.4.26.2}% 152
\BOOKMARK [3][-]{subsubsection.4.26.2.4}{\376\377\0004\000.\0002\0006\000.\0002\000.\0004\000\040\000m\000e\000n\000u\000P\000r\000i\000n\000c\000i\000p\000a\000l\000\050\000\051}{subsection.4.26.2}% 153
\BOOKMARK [3][-]{subsubsection.4.26.2.5}{\376\377\0004\000.\0002\0006\000.\0002\000.\0005\000\040\000m\000e\000n\000u\000S\000e\000t\000t\000i\000n\000g\000s\000\050\000\051}{subsection.4.26.2}% 154
\BOOKMARK [1][-]{section.4.27}{\376\377\0004\000.\0002\0007\000\040\000s\000r\000c\000/\000t\000e\000s\000t\000\137\000u\000n\000i\000t\000.\000c\000\040\000F\000i\000l\000e\000\040\000R\000e\000f\000e\000r\000e\000n\000c\000e}{chapter.4}% 155
\BOOKMARK [2][-]{subsection.4.27.1}{\376\377\0004\000.\0002\0007\000.\0001\000\040\000D\000e\000t\000a\000i\000l\000e\000d\000\040\000D\000e\000s\000c\000r\000i\000p\000t\000i\000o\000n}{section.4.27}% 156
\BOOKMARK [1][-]{section.4.28}{\376\377\0004\000.\0002\0008\000\040\000s\000r\000c\000/\000t\000e\000x\000t\000u\000r\000e\000.\000c\000\040\000F\000i\000l\000e\000\040\000R\000e\000f\000e\000r\000e\000n\000c\000e}{chapter.4}% 157
\BOOKMARK [2][-]{subsection.4.28.1}{\376\377\0004\000.\0002\0008\000.\0001\000\040\000D\000e\000t\000a\000i\000l\000e\000d\000\040\000D\000e\000s\000c\000r\000i\000p\000t\000i\000o\000n}{section.4.28}% 158
\BOOKMARK [2][-]{subsection.4.28.2}{\376\377\0004\000.\0002\0008\000.\0002\000\040\000F\000u\000n\000c\000t\000i\000o\000n\000\040\000D\000o\000c\000u\000m\000e\000n\000t\000a\000t\000i\000o\000n}{section.4.28}% 159
\BOOKMARK [3][-]{subsubsection.4.28.2.1}{\376\377\0004\000.\0002\0008\000.\0002\000.\0001\000\040\000l\000o\000a\000d\000T\000e\000x\000t\000u\000r\000e\000\050\000\051}{subsection.4.28.2}% 160
\BOOKMARK [3][-]{subsubsection.4.28.2.2}{\376\377\0004\000.\0002\0008\000.\0002\000.\0002\000\040\000l\000o\000a\000d\000T\000e\000x\000t\000u\000r\000e\000F\000o\000n\000t\000\050\000\051}{subsection.4.28.2}% 161
\BOOKMARK [1][-]{section.4.29}{\376\377\0004\000.\0002\0009\000\040\000s\000r\000c\000/\000t\000y\000p\000e\000.\000c\000\040\000F\000i\000l\000e\000\040\000R\000e\000f\000e\000r\000e\000n\000c\000e}{chapter.4}% 162
\BOOKMARK [2][-]{subsection.4.29.1}{\376\377\0004\000.\0002\0009\000.\0001\000\040\000D\000e\000t\000a\000i\000l\000e\000d\000\040\000D\000e\000s\000c\000r\000i\000p\000t\000i\000o\000n}{section.4.29}% 163
\BOOKMARK [2][-]{subsection.4.29.2}{\376\377\0004\000.\0002\0009\000.\0002\000\040\000F\000u\000n\000c\000t\000i\000o\000n\000\040\000D\000o\000c\000u\000m\000e\000n\000t\000a\000t\000i\000o\000n}{section.4.29}% 164
\BOOKMARK [3][-]{subsubsection.4.29.2.1}{\376\377\0004\000.\0002\0009\000.\0002\000.\0001\000\040\000a\000f\000f\000i\000c\000h\000e\000r\000\137\000a\000r\000m\000e\000\050\000\051}{subsection.4.29.2}% 165
\BOOKMARK [3][-]{subsubsection.4.29.2.2}{\376\377\0004\000.\0002\0009\000.\0002\000.\0002\000\040\000a\000j\000o\000u\000t\000e\000r\000\137\000a\000r\000m\000e\000\050\000\051}{subsection.4.29.2}% 166
\BOOKMARK [3][-]{subsubsection.4.29.2.3}{\376\377\0004\000.\0002\0009\000.\0002\000.\0003\000\040\000a\000j\000o\000u\000t\000e\000r\000\137\000s\000t\000u\000f\000f\000\050\000\051}{subsection.4.29.2}% 167
\BOOKMARK [3][-]{subsubsection.4.29.2.4}{\376\377\0004\000.\0002\0009\000.\0002\000.\0004\000\040\000c\000r\000e\000e\000r\000\137\000a\000l\000l\000\137\000e\000q\000u\000i\000p\000e\000m\000e\000n\000t\000\050\000\051}{subsection.4.29.2}% 168
\BOOKMARK [3][-]{subsubsection.4.29.2.5}{\376\377\0004\000.\0002\0009\000.\0002\000.\0005\000\040\000c\000r\000e\000e\000r\000\137\000a\000l\000l\000\137\000o\000b\000j\000e\000t\000\050\000\051}{subsection.4.29.2}% 169
\BOOKMARK [3][-]{subsubsection.4.29.2.6}{\376\377\0004\000.\0002\0009\000.\0002\000.\0006\000\040\000c\000r\000e\000e\000r\000\137\000a\000l\000l\000\137\000s\000p\000r\000i\000t\000e\000\137\000e\000q\000u\000i\000p\000e\000m\000e\000n\000t\000\050\000\051}{subsection.4.29.2}% 170
\BOOKMARK [3][-]{subsubsection.4.29.2.7}{\376\377\0004\000.\0002\0009\000.\0002\000.\0007\000\040\000c\000r\000e\000e\000r\000\137\000m\000o\000b\000\050\000\051}{subsection.4.29.2}% 171
\BOOKMARK [3][-]{subsubsection.4.29.2.8}{\376\377\0004\000.\0002\0009\000.\0002\000.\0008\000\040\000c\000r\000e\000e\000r\000\137\000p\000e\000r\000s\000o\000\050\000\051}{subsection.4.29.2}% 172
\BOOKMARK [3][-]{subsubsection.4.29.2.9}{\376\377\0004\000.\0002\0009\000.\0002\000.\0009\000\040\000e\000q\000u\000i\000p\000e\000r\000\137\000a\000r\000m\000e\000\050\000\051}{subsection.4.29.2}% 173
\BOOKMARK [3][-]{subsubsection.4.29.2.10}{\376\377\0004\000.\0002\0009\000.\0002\000.\0001\0000\000\040\000e\000q\000u\000i\000p\000e\000r\000\137\000s\000t\000u\000f\000f\000\050\000\051}{subsection.4.29.2}% 174
\BOOKMARK [3][-]{subsubsection.4.29.2.11}{\376\377\0004\000.\0002\0009\000.\0002\000.\0001\0001\000\040\000i\000n\000i\000t\000\137\000a\000n\000d\000\137\000r\000e\000i\000n\000i\000t\000\137\000i\000n\000v\000\050\000\051}{subsection.4.29.2}% 175
\BOOKMARK [3][-]{subsubsection.4.29.2.12}{\376\377\0004\000.\0002\0009\000.\0002\000.\0001\0002\000\040\000j\000e\000t\000e\000r\000\137\000s\000t\000u\000f\000f\000\050\000\051}{subsection.4.29.2}% 176
\BOOKMARK [1][-]{section.4.30}{\376\377\0004\000.\0003\0000\000\040\000s\000r\000c\000/\000u\000t\000i\000l\000s\000.\000c\000\040\000F\000i\000l\000e\000\040\000R\000e\000f\000e\000r\000e\000n\000c\000e}{chapter.4}% 177
\BOOKMARK [2][-]{subsection.4.30.1}{\376\377\0004\000.\0003\0000\000.\0001\000\040\000D\000e\000t\000a\000i\000l\000e\000d\000\040\000D\000e\000s\000c\000r\000i\000p\000t\000i\000o\000n}{section.4.30}% 178
\BOOKMARK [2][-]{subsection.4.30.2}{\376\377\0004\000.\0003\0000\000.\0002\000\040\000F\000u\000n\000c\000t\000i\000o\000n\000\040\000D\000o\000c\000u\000m\000e\000n\000t\000a\000t\000i\000o\000n}{section.4.30}% 179
\BOOKMARK [3][-]{subsubsection.4.30.2.1}{\376\377\0004\000.\0003\0000\000.\0002\000.\0001\000\040\000c\000h\000a\000r\000g\000e\000r\000S\000a\000v\000e\000\050\000\051}{subsection.4.30.2}% 180
\BOOKMARK [3][-]{subsubsection.4.30.2.2}{\376\377\0004\000.\0003\0000\000.\0002\000.\0002\000\040\000e\000n\000t\000r\000e\000r\000N\000o\000m\000\050\000\051}{subsection.4.30.2}% 181
\BOOKMARK [3][-]{subsubsection.4.30.2.3}{\376\377\0004\000.\0003\0000\000.\0002\000.\0003\000\040\000n\000o\000u\000v\000e\000l\000l\000e\000S\000a\000v\000e\000\050\000\051}{subsection.4.30.2}% 182
\BOOKMARK [3][-]{subsubsection.4.30.2.4}{\376\377\0004\000.\0003\0000\000.\0002\000.\0004\000\040\000s\000a\000u\000v\000e\000g\000a\000r\000d\000e\000r\000\050\000\051}{subsection.4.30.2}% 183
\BOOKMARK [0][-]{section*.40}{\376\377\000I\000n\000d\000e\000x}{}% 184
